execve("./hello", ["./hello"], 0x7ffc774c7908 /* 9 vars */) = 0 <0.001847>
brk(NULL)                               = 0x55dae6ca6000 <0.000076>
access("/etc/ld.so.nohwcap", F_OK)      = -1 ENOENT (No such file or directory) <0.000104>
access("/etc/ld.so.preload", R_OK)      = -1 ENOENT (No such file or directory) <0.000082>
openat(AT_FDCWD, "/etc/ld.so.cache", O_RDONLY|O_CLOEXEC) = 3 <0.000084>
fstat(3, {st_mode=S_IFREG|0644, st_size=13626, ...}) = 0 <0.000783>
mmap(NULL, 13626, PROT_READ, MAP_PRIVATE, 3, 0) = 0x7ff1be41c000 <0.000140>
close(3)                                = 0 <0.000099>
access("/etc/ld.so.nohwcap", F_OK)      = -1 ENOENT (No such file or directory) <0.000082>
openat(AT_FDCWD, "/lib/x86_64-linux-gnu/libc.so.6", O_RDONLY|O_CLOEXEC) = 3 <0.000092>
read(3, "\177ELF\2\1\1\3\0\0\0\0\0\0\0\0\3\0>\0\1\0\0\0\260\34\2\0\0\0\0\0"..., 832) = 832 <0.000077>
fstat(3, {st_mode=S_IFREG|0755, st_size=2030544, ...}) = 0 <0.000065>
mmap(NULL, 8192, PROT_READ|PROT_WRITE, MAP_PRIVATE|MAP_ANONYMOUS, -1, 0) = 0x7ff1be41a000 <0.000080>
mmap(NULL, 4131552, PROT_READ|PROT_EXEC, MAP_PRIVATE|MAP_DENYWRITE, 3, 0) = 0x7ff1bde08000 <0.000101>
mprotect(0x7ff1bdfef000, 2097152, PROT_NONE) = 0 <0.000079>
mmap(0x7ff1be1ef000, 24576, PROT_READ|PROT_WRITE, MAP_PRIVATE|MAP_FIXED|MAP_DENYWRITE, 3, 0x1e7000) = 0x7ff1be1ef000 <0.000072>
mmap(0x7ff1be1f5000, 15072, PROT_READ|PROT_WRITE, MAP_PRIVATE|MAP_FIXED|MAP_ANONYMOUS, -1, 0) = 0x7ff1be1f5000 <0.000065>
close(3)                                = 0 <0.000088>
arch_prctl(ARCH_SET_FS, 0x7ff1be41b4c0) = 0 <0.000057>
mprotect(0x7ff1be1ef000, 16384, PROT_READ) = 0 <0.000071>
mprotect(0x55dae4f54000, 4096, PROT_READ) = 0 <0.000063>
mprotect(0x7ff1be420000, 4096, PROT_READ) = 0 <0.000069>
munmap(0x7ff1be41c000, 13626)           = 0 <0.000076>
fstat(1, {st_mode=S_IFCHR|0620, st_rdev=makedev(136, 0), ...}) = 0 <0.000058>
brk(NULL)                               = 0x55dae6ca6000 <0.000057>
brk(0x55dae6cc7000)                     = 0x55dae6cc7000 <0.000066>
write(1, "hello world\n", 12)           = 12 <0.000084>
exit_group(0)                           = ?
+++ exited with 0 +++
